<?xml version="1.0" encoding="UTF-8"?>
<testsuite xmlns:xsi="http://www.w3.org/2001/XMLSchema-instance" xsi:noNamespaceSchemaLocation="https://maven.apache.org/surefire/maven-surefire-plugin/xsd/surefire-test-report-3.0.xsd" version="3.0" name="TestContact" time="0.029" tests="10" errors="0" skipped="0" failures="0">
  <properties>
[...]
</properties>
  <testcase name="testGetEmail" classname="TestContact" time="0.005"/>
  <testcase name="testGetPhone" classname="TestContact" time="0.001"/>
  <testcase name="testSetFirstName" classname="TestContact" time="0.001"/>
  <testcase name="testGetFullName" classname="TestContact" time="0.001"/>
  <testcase name="testSetId" classname="TestContact" time="0.001"/>
  <testcase name="testSetLastName" classname="TestContact" time="0.001"/>
  <testcase name="testGetLastName" classname="TestContact" time="0.002"/>
  <testcase name="testGetFirstName" classname="TestContact" time="0.002"/>
  <testcase name="testSetEmail" classname="TestContact" time="0.001"/>
  <testcase name="testSetPhone" classname="TestContact" time="0.001"/>
</testsuite>